<?xml version="1.0" encoding="UTF-8"?>
<!-- Generated by org.testng.reporters.JUnitReportReporter -->
<testsuite hostname="DESKTOP-5OA9UT6" failures="0" tests="1" name="com.testcases.FlowTest" time="136.933" errors="0" timestamp="2023-12-08T12:51:40 IST" skipped="0">
  <testcase classname="com.testcases.FlowTest" name="flowTest" time="136.933"/>
</testsuite> <!-- com.testcases.FlowTest -->
