<?xml version="1.0" encoding="UTF-8"?>
<!-- Generated by org.testng.reporters.JUnitReportReporter -->
<testsuite hostname="DESKTOP-5OA9UT6" failures="0" tests="1" name="com.testcases.FlowTest" time="39.902" errors="0" timestamp="2023-11-26T22:52:57 IST" skipped="0">
  <testcase classname="com.testcases.FlowTest" name="flowTest" time="39.902"/>
</testsuite> <!-- com.testcases.FlowTest -->
